<?xml version="1.0" encoding="UTF-8"?>
<!-- Generated by org.testng.reporters.JUnitReportReporter -->
<testsuite hostname="prmahe19" name="com.training.sanity.tests.SampleTest1" tests="1" failures="0" timestamp="3 Aug 2019 11:39:11 GMT" time="98.623" errors="0">
  <testcase name="logOut" time="98.623" classname="com.training.sanity.tests.SampleTest1"/>
</testsuite> <!-- com.training.sanity.tests.SampleTest1 -->
