<?xml version="1.0" encoding="UTF-8"?>
<!-- Generated by org.testng.reporters.JUnitReportReporter -->
<testsuite hostname="prmahe19" name="com.training.sanity.tests.SampleTest2" tests="3" failures="0" timestamp="5 Aug 2019 07:15:40 GMT" time="118.106" errors="0">
  <testcase name="completeAssign" time="28.002" classname="com.training.sanity.tests.SampleTest2"/>
  <testcase name="forumDiscuss" time="55.639" classname="com.training.sanity.tests.SampleTest2"/>
  <testcase name="chatGroup" time="34.465" classname="com.training.sanity.tests.SampleTest2"/>
</testsuite> <!-- com.training.sanity.tests.SampleTest2 -->
